2025-10-16 10:34:34 [File Watcher] INFO  o.s.b.d.a.LocalDevToolsAutoConfiguration$RestartingClassPathChangeChangedEventListener - Restarting due to 2 class path changes (0 additions, 0 deletions, 2 modifications)
2025-10-16 10:34:34 [Thread-274] INFO  o.s.b.w.e.tomcat.GracefulShutdown - Commencing graceful shutdown. Waiting for active requests to complete
2025-10-16 10:34:34 [tomcat-shutdown] INFO  o.a.coyote.http11.Http11NioProtocol - Pausing ProtocolHandler ["http-nio-8080"]
2025-10-16 10:34:34 [tomcat-shutdown] INFO  o.s.b.w.e.tomcat.GracefulShutdown - Graceful shutdown complete
2025-10-16 10:34:34 [Thread-274] INFO  o.a.coyote.http11.Http11NioProtocol - Stopping ProtocolHandler ["http-nio-8080"]
2025-10-16 10:34:34 [Thread-274] INFO  o.s.o.j.LocalContainerEntityManagerFactoryBean - Closing JPA EntityManagerFactory for persistence unit 'default'
2025-10-16 10:34:34 [Thread-274] INFO  com.zaxxer.hikari.HikariDataSource - HikariPool-69 - Shutdown initiated...
2025-10-16 10:34:34 [Thread-274] INFO  com.zaxxer.hikari.HikariDataSource - HikariPool-69 - Shutdown completed.
2025-10-16 10:34:35 [restartedMain] INFO  c.e.b.EcommerceBackendProjectApplication - Starting EcommerceBackendProjectApplication using Java 21.0.5 with PID 87267 (/Users/durgamprakash/Desktop/PROJECTS/BACKEND/Practice/Ecommerce_Backend_Project/target/classes started by durgamprakash in /Users/durgamprakash/Desktop/PROJECTS/BACKEND/Practice/Ecommerce_Backend_Project)
2025-10-16 10:34:35 [restartedMain] INFO  c.e.b.EcommerceBackendProjectApplication - No active profile set, falling back to 1 default profile: "default"
2025-10-16 10:34:35 [restartedMain] INFO  o.s.d.r.c.RepositoryConfigurationDelegate - Bootstrapping Spring Data JPA repositories in DEFAULT mode.
2025-10-16 10:34:35 [restartedMain] INFO  o.s.d.r.c.RepositoryConfigurationDelegate - Finished Spring Data repository scanning in 7 ms. Found 1 JPA repository interface.
2025-10-16 10:34:35 [restartedMain] INFO  o.s.b.w.e.tomcat.TomcatWebServer - Tomcat initialized with port 8080 (http)
2025-10-16 10:34:35 [restartedMain] INFO  o.a.coyote.http11.Http11NioProtocol - Initializing ProtocolHandler ["http-nio-8080"]
2025-10-16 10:34:35 [restartedMain] INFO  o.a.catalina.core.StandardService - Starting service [Tomcat]
2025-10-16 10:34:35 [restartedMain] INFO  o.a.catalina.core.StandardEngine - Starting Servlet engine: [Apache Tomcat/10.1.46]
2025-10-16 10:34:35 [restartedMain] INFO  o.a.c.c.C.[Tomcat-1].[localhost].[/] - Initializing Spring embedded WebApplicationContext
2025-10-16 10:34:35 [restartedMain] INFO  o.s.b.w.s.c.ServletWebServerApplicationContext - Root WebApplicationContext: initialization completed in 319 ms
2025-10-16 10:34:35 [restartedMain] INFO  com.zaxxer.hikari.HikariDataSource - HikariPool-70 - Starting...
2025-10-16 10:34:35 [restartedMain] INFO  com.zaxxer.hikari.pool.HikariPool - HikariPool-70 - Added connection com.mysql.cj.jdbc.ConnectionImpl@1cf4d24c
2025-10-16 10:34:35 [restartedMain] INFO  com.zaxxer.hikari.HikariDataSource - HikariPool-70 - Start completed.
2025-10-16 10:34:35 [restartedMain] INFO  org.flywaydb.core.FlywayExecutor - Database: jdbc:mysql://localhost:3306/ecommerce_prod_project_db (MySQL 8.0)
2025-10-16 10:34:35 [restartedMain] INFO  o.f.core.internal.command.DbValidate - Successfully validated 1 migration (execution time 00:00.008s)
2025-10-16 10:34:35 [restartedMain] INFO  o.f.core.internal.command.DbMigrate - Current version of schema `ecommerce_prod_project_db`: 1
2025-10-16 10:34:35 [restartedMain] INFO  o.f.core.internal.command.DbMigrate - Schema `ecommerce_prod_project_db` is up to date. No migration necessary.
2025-10-16 10:34:35 [restartedMain] INFO  o.h.jpa.internal.util.LogHelper - HHH000204: Processing PersistenceUnitInfo [name: default]
2025-10-16 10:34:35 [restartedMain] INFO  o.h.c.i.RegionFactoryInitiator - HHH000026: Second-level cache disabled
2025-10-16 10:34:35 [restartedMain] INFO  o.s.o.j.p.SpringPersistenceUnitInfo - No LoadTimeWeaver setup: ignoring JPA class transformer
2025-10-16 10:34:35 [restartedMain] INFO  o.hibernate.orm.connections.pooling - HHH10001005: Database info:
	Database JDBC URL [Connecting through datasource 'HikariDataSource (HikariPool-70)']
	Database driver: undefined/unknown
	Database version: 8.0.41
	Autocommit mode: undefined/unknown
	Isolation level: undefined/unknown
	Minimum pool size: undefined/unknown
	Maximum pool size: undefined/unknown
2025-10-16 10:34:35 [restartedMain] INFO  o.h.e.t.j.p.i.JtaPlatformInitiator - HHH000489: No JTA platform available (set 'hibernate.transaction.jta.platform' to enable JTA platform integration)
2025-10-16 10:34:35 [restartedMain] INFO  o.s.o.j.LocalContainerEntityManagerFactoryBean - Initialized JPA EntityManagerFactory for persistence unit 'default'
2025-10-16 10:34:35 [restartedMain] WARN  o.s.b.a.o.j.JpaBaseConfiguration$JpaWebConfiguration - spring.jpa.open-in-view is enabled by default. Therefore, database queries may be performed during view rendering. Explicitly configure spring.jpa.open-in-view to disable this warning
2025-10-16 10:34:35 [restartedMain] INFO  o.s.b.d.a.OptionalLiveReloadServer - LiveReload server is running on port 35729
2025-10-16 10:34:35 [restartedMain] INFO  o.a.coyote.http11.Http11NioProtocol - Starting ProtocolHandler ["http-nio-8080"]
2025-10-16 10:34:35 [restartedMain] INFO  o.s.b.w.e.tomcat.TomcatWebServer - Tomcat started on port 8080 (http) with context path '/'
2025-10-16 10:34:35 [restartedMain] INFO  c.e.b.EcommerceBackendProjectApplication - Started EcommerceBackendProjectApplication in 0.7 seconds (process running for 5466.314)
2025-10-16 10:34:35 [restartedMain] INFO  o.s.b.d.a.ConditionEvaluationDeltaLoggingListener - Condition evaluation unchanged
2025-10-16 10:34:41 [File Watcher] INFO  o.s.b.d.a.LocalDevToolsAutoConfiguration$RestartingClassPathChangeChangedEventListener - Restarting due to 1 class path change (0 additions, 0 deletions, 1 modification)
2025-10-16 10:34:41 [Thread-278] INFO  o.s.b.w.e.tomcat.GracefulShutdown - Commencing graceful shutdown. Waiting for active requests to complete
2025-10-16 10:34:41 [tomcat-shutdown] INFO  o.a.coyote.http11.Http11NioProtocol - Pausing ProtocolHandler ["http-nio-8080"]
2025-10-16 10:34:41 [tomcat-shutdown] INFO  o.s.b.w.e.tomcat.GracefulShutdown - Graceful shutdown complete
2025-10-16 10:34:41 [Thread-278] INFO  o.a.coyote.http11.Http11NioProtocol - Stopping ProtocolHandler ["http-nio-8080"]
2025-10-16 10:34:41 [Thread-278] INFO  o.s.o.j.LocalContainerEntityManagerFactoryBean - Closing JPA EntityManagerFactory for persistence unit 'default'
2025-10-16 10:34:41 [Thread-278] INFO  com.zaxxer.hikari.HikariDataSource - HikariPool-70 - Shutdown initiated...
2025-10-16 10:34:41 [Thread-278] INFO  com.zaxxer.hikari.HikariDataSource - HikariPool-70 - Shutdown completed.
2025-10-16 10:34:41 [restartedMain] INFO  c.e.b.EcommerceBackendProjectApplication - Starting EcommerceBackendProjectApplication using Java 21.0.5 with PID 87267 (/Users/durgamprakash/Desktop/PROJECTS/BACKEND/Practice/Ecommerce_Backend_Project/target/classes started by durgamprakash in /Users/durgamprakash/Desktop/PROJECTS/BACKEND/Practice/Ecommerce_Backend_Project)
2025-10-16 10:34:41 [restartedMain] INFO  c.e.b.EcommerceBackendProjectApplication - No active profile set, falling back to 1 default profile: "default"
2025-10-16 10:34:41 [restartedMain] INFO  o.s.d.r.c.RepositoryConfigurationDelegate - Bootstrapping Spring Data JPA repositories in DEFAULT mode.
2025-10-16 10:34:41 [restartedMain] INFO  o.s.d.r.c.RepositoryConfigurationDelegate - Finished Spring Data repository scanning in 5 ms. Found 1 JPA repository interface.
2025-10-16 10:34:41 [restartedMain] INFO  o.s.b.w.e.tomcat.TomcatWebServer - Tomcat initialized with port 8080 (http)
2025-10-16 10:34:41 [restartedMain] INFO  o.a.coyote.http11.Http11NioProtocol - Initializing ProtocolHandler ["http-nio-8080"]
2025-10-16 10:34:41 [restartedMain] INFO  o.a.catalina.core.StandardService - Starting service [Tomcat]
2025-10-16 10:34:41 [restartedMain] INFO  o.a.catalina.core.StandardEngine - Starting Servlet engine: [Apache Tomcat/10.1.46]
2025-10-16 10:34:41 [restartedMain] INFO  o.a.c.c.C.[Tomcat-1].[localhost].[/] - Initializing Spring embedded WebApplicationContext
2025-10-16 10:34:41 [restartedMain] INFO  o.s.b.w.s.c.ServletWebServerApplicationContext - Root WebApplicationContext: initialization completed in 257 ms
2025-10-16 10:34:41 [restartedMain] INFO  com.zaxxer.hikari.HikariDataSource - HikariPool-71 - Starting...
2025-10-16 10:34:41 [restartedMain] INFO  com.zaxxer.hikari.pool.HikariPool - HikariPool-71 - Added connection com.mysql.cj.jdbc.ConnectionImpl@7760f802
2025-10-16 10:34:41 [restartedMain] INFO  com.zaxxer.hikari.HikariDataSource - HikariPool-71 - Start completed.
2025-10-16 10:34:41 [restartedMain] INFO  org.flywaydb.core.FlywayExecutor - Database: jdbc:mysql://localhost:3306/ecommerce_prod_project_db (MySQL 8.0)
2025-10-16 10:34:41 [restartedMain] INFO  o.f.core.internal.command.DbValidate - Successfully validated 1 migration (execution time 00:00.005s)
2025-10-16 10:34:41 [restartedMain] INFO  o.f.core.internal.command.DbMigrate - Current version of schema `ecommerce_prod_project_db`: 1
2025-10-16 10:34:41 [restartedMain] INFO  o.f.core.internal.command.DbMigrate - Schema `ecommerce_prod_project_db` is up to date. No migration necessary.
2025-10-16 10:34:41 [restartedMain] INFO  o.h.jpa.internal.util.LogHelper - HHH000204: Processing PersistenceUnitInfo [name: default]
2025-10-16 10:34:41 [restartedMain] INFO  o.h.c.i.RegionFactoryInitiator - HHH000026: Second-level cache disabled
2025-10-16 10:34:41 [restartedMain] INFO  o.s.o.j.p.SpringPersistenceUnitInfo - No LoadTimeWeaver setup: ignoring JPA class transformer
2025-10-16 10:34:41 [restartedMain] INFO  o.hibernate.orm.connections.pooling - HHH10001005: Database info:
	Database JDBC URL [Connecting through datasource 'HikariDataSource (HikariPool-71)']
	Database driver: undefined/unknown
	Database version: 8.0.41
	Autocommit mode: undefined/unknown
	Isolation level: undefined/unknown
	Minimum pool size: undefined/unknown
	Maximum pool size: undefined/unknown
2025-10-16 10:34:41 [restartedMain] INFO  o.h.e.t.j.p.i.JtaPlatformInitiator - HHH000489: No JTA platform available (set 'hibernate.transaction.jta.platform' to enable JTA platform integration)
2025-10-16 10:34:41 [restartedMain] INFO  o.s.o.j.LocalContainerEntityManagerFactoryBean - Initialized JPA EntityManagerFactory for persistence unit 'default'
2025-10-16 10:34:41 [restartedMain] WARN  o.s.b.a.o.j.JpaBaseConfiguration$JpaWebConfiguration - spring.jpa.open-in-view is enabled by default. Therefore, database queries may be performed during view rendering. Explicitly configure spring.jpa.open-in-view to disable this warning
2025-10-16 10:34:41 [restartedMain] INFO  o.s.b.d.a.OptionalLiveReloadServer - LiveReload server is running on port 35729
2025-10-16 10:34:41 [restartedMain] INFO  o.a.coyote.http11.Http11NioProtocol - Starting ProtocolHandler ["http-nio-8080"]
2025-10-16 10:34:41 [restartedMain] INFO  o.s.b.w.e.tomcat.TomcatWebServer - Tomcat started on port 8080 (http) with context path '/'
2025-10-16 10:34:41 [restartedMain] INFO  c.e.b.EcommerceBackendProjectApplication - Started EcommerceBackendProjectApplication in 0.689 seconds (process running for 5472.553)
2025-10-16 10:34:41 [restartedMain] INFO  o.s.b.d.a.ConditionEvaluationDeltaLoggingListener - Condition evaluation unchanged
2025-10-16 10:34:46 [File Watcher] INFO  o.s.b.d.a.LocalDevToolsAutoConfiguration$RestartingClassPathChangeChangedEventListener - Restarting due to 4 class path changes (0 additions, 1 deletion, 3 modifications)
2025-10-16 10:34:46 [Thread-282] INFO  o.s.b.w.e.tomcat.GracefulShutdown - Commencing graceful shutdown. Waiting for active requests to complete
2025-10-16 10:34:46 [tomcat-shutdown] INFO  o.a.coyote.http11.Http11NioProtocol - Pausing ProtocolHandler ["http-nio-8080"]
2025-10-16 10:34:46 [tomcat-shutdown] INFO  o.s.b.w.e.tomcat.GracefulShutdown - Graceful shutdown complete
2025-10-16 10:34:46 [Thread-282] INFO  o.a.coyote.http11.Http11NioProtocol - Stopping ProtocolHandler ["http-nio-8080"]
2025-10-16 10:34:46 [Thread-282] INFO  o.s.o.j.LocalContainerEntityManagerFactoryBean - Closing JPA EntityManagerFactory for persistence unit 'default'
2025-10-16 10:34:46 [Thread-282] INFO  com.zaxxer.hikari.HikariDataSource - HikariPool-71 - Shutdown initiated...
2025-10-16 10:34:46 [Thread-282] INFO  com.zaxxer.hikari.HikariDataSource - HikariPool-71 - Shutdown completed.
2025-10-16 10:34:46 [restartedMain] INFO  c.e.b.EcommerceBackendProjectApplication - Starting EcommerceBackendProjectApplication using Java 21.0.5 with PID 87267 (/Users/durgamprakash/Desktop/PROJECTS/BACKEND/Practice/Ecommerce_Backend_Project/target/classes started by durgamprakash in /Users/durgamprakash/Desktop/PROJECTS/BACKEND/Practice/Ecommerce_Backend_Project)
2025-10-16 10:34:46 [restartedMain] INFO  c.e.b.EcommerceBackendProjectApplication - No active profile set, falling back to 1 default profile: "default"
2025-10-16 10:34:47 [restartedMain] INFO  o.s.d.r.c.RepositoryConfigurationDelegate - Bootstrapping Spring Data JPA repositories in DEFAULT mode.
2025-10-16 10:34:47 [restartedMain] INFO  o.s.d.r.c.RepositoryConfigurationDelegate - Finished Spring Data repository scanning in 7 ms. Found 1 JPA repository interface.
2025-10-16 10:34:47 [restartedMain] INFO  o.s.b.w.e.tomcat.TomcatWebServer - Tomcat initialized with port 8080 (http)
2025-10-16 10:34:47 [restartedMain] INFO  o.a.coyote.http11.Http11NioProtocol - Initializing ProtocolHandler ["http-nio-8080"]
2025-10-16 10:34:47 [restartedMain] INFO  o.a.catalina.core.StandardService - Starting service [Tomcat]
2025-10-16 10:34:47 [restartedMain] INFO  o.a.catalina.core.StandardEngine - Starting Servlet engine: [Apache Tomcat/10.1.46]
2025-10-16 10:34:47 [restartedMain] INFO  o.a.c.c.C.[Tomcat-1].[localhost].[/] - Initializing Spring embedded WebApplicationContext
2025-10-16 10:34:47 [restartedMain] INFO  o.s.b.w.s.c.ServletWebServerApplicationContext - Root WebApplicationContext: initialization completed in 333 ms
2025-10-16 10:34:47 [restartedMain] INFO  com.zaxxer.hikari.HikariDataSource - HikariPool-72 - Starting...
2025-10-16 10:34:47 [restartedMain] INFO  com.zaxxer.hikari.pool.HikariPool - HikariPool-72 - Added connection com.mysql.cj.jdbc.ConnectionImpl@f7f461f
2025-10-16 10:34:47 [restartedMain] INFO  com.zaxxer.hikari.HikariDataSource - HikariPool-72 - Start completed.
2025-10-16 10:34:47 [restartedMain] INFO  org.flywaydb.core.FlywayExecutor - Database: jdbc:mysql://localhost:3306/ecommerce_prod_project_db (MySQL 8.0)
2025-10-16 10:34:47 [restartedMain] INFO  o.f.core.internal.command.DbValidate - Successfully validated 1 migration (execution time 00:00.006s)
2025-10-16 10:34:47 [restartedMain] INFO  o.f.core.internal.command.DbMigrate - Current version of schema `ecommerce_prod_project_db`: 1
2025-10-16 10:34:47 [restartedMain] INFO  o.f.core.internal.command.DbMigrate - Schema `ecommerce_prod_project_db` is up to date. No migration necessary.
2025-10-16 10:34:47 [restartedMain] INFO  o.h.jpa.internal.util.LogHelper - HHH000204: Processing PersistenceUnitInfo [name: default]
2025-10-16 10:34:47 [restartedMain] INFO  o.h.c.i.RegionFactoryInitiator - HHH000026: Second-level cache disabled
2025-10-16 10:34:47 [restartedMain] INFO  o.s.o.j.p.SpringPersistenceUnitInfo - No LoadTimeWeaver setup: ignoring JPA class transformer
2025-10-16 10:34:47 [restartedMain] INFO  o.hibernate.orm.connections.pooling - HHH10001005: Database info:
	Database JDBC URL [Connecting through datasource 'HikariDataSource (HikariPool-72)']
	Database driver: undefined/unknown
	Database version: 8.0.41
	Autocommit mode: undefined/unknown
	Isolation level: undefined/unknown
	Minimum pool size: undefined/unknown
	Maximum pool size: undefined/unknown
2025-10-16 10:34:47 [restartedMain] INFO  o.h.e.t.j.p.i.JtaPlatformInitiator - HHH000489: No JTA platform available (set 'hibernate.transaction.jta.platform' to enable JTA platform integration)
2025-10-16 10:34:47 [restartedMain] INFO  o.s.o.j.LocalContainerEntityManagerFactoryBean - Initialized JPA EntityManagerFactory for persistence unit 'default'
2025-10-16 10:34:47 [restartedMain] WARN  o.s.b.a.o.j.JpaBaseConfiguration$JpaWebConfiguration - spring.jpa.open-in-view is enabled by default. Therefore, database queries may be performed during view rendering. Explicitly configure spring.jpa.open-in-view to disable this warning
2025-10-16 10:34:47 [restartedMain] INFO  o.s.b.d.a.OptionalLiveReloadServer - LiveReload server is running on port 35729
2025-10-16 10:34:47 [restartedMain] INFO  o.a.coyote.http11.Http11NioProtocol - Starting ProtocolHandler ["http-nio-8080"]
2025-10-16 10:34:47 [restartedMain] INFO  o.s.b.w.e.tomcat.TomcatWebServer - Tomcat started on port 8080 (http) with context path '/'
2025-10-16 10:34:47 [restartedMain] INFO  c.e.b.EcommerceBackendProjectApplication - Started EcommerceBackendProjectApplication in 0.703 seconds (process running for 5478.283)
2025-10-16 10:34:47 [restartedMain] INFO  o.s.b.d.a.ConditionEvaluationDeltaLoggingListener - Condition evaluation unchanged
2025-10-16 10:34:54 [File Watcher] INFO  o.s.b.d.a.LocalDevToolsAutoConfiguration$RestartingClassPathChangeChangedEventListener - Restarting due to 1 class path change (0 additions, 0 deletions, 1 modification)
2025-10-16 10:34:54 [Thread-286] INFO  o.s.b.w.e.tomcat.GracefulShutdown - Commencing graceful shutdown. Waiting for active requests to complete
2025-10-16 10:34:54 [tomcat-shutdown] INFO  o.a.coyote.http11.Http11NioProtocol - Pausing ProtocolHandler ["http-nio-8080"]
2025-10-16 10:34:54 [tomcat-shutdown] INFO  o.s.b.w.e.tomcat.GracefulShutdown - Graceful shutdown complete
2025-10-16 10:34:54 [Thread-286] INFO  o.a.coyote.http11.Http11NioProtocol - Stopping ProtocolHandler ["http-nio-8080"]
2025-10-16 10:34:54 [Thread-286] INFO  o.s.o.j.LocalContainerEntityManagerFactoryBean - Closing JPA EntityManagerFactory for persistence unit 'default'
2025-10-16 10:34:54 [Thread-286] INFO  com.zaxxer.hikari.HikariDataSource - HikariPool-72 - Shutdown initiated...
2025-10-16 10:34:54 [Thread-286] INFO  com.zaxxer.hikari.HikariDataSource - HikariPool-72 - Shutdown completed.
2025-10-16 10:34:54 [restartedMain] INFO  c.e.b.EcommerceBackendProjectApplication - Starting EcommerceBackendProjectApplication using Java 21.0.5 with PID 87267 (/Users/durgamprakash/Desktop/PROJECTS/BACKEND/Practice/Ecommerce_Backend_Project/target/classes started by durgamprakash in /Users/durgamprakash/Desktop/PROJECTS/BACKEND/Practice/Ecommerce_Backend_Project)
2025-10-16 10:34:54 [restartedMain] INFO  c.e.b.EcommerceBackendProjectApplication - No active profile set, falling back to 1 default profile: "default"
2025-10-16 10:34:54 [restartedMain] INFO  o.s.d.r.c.RepositoryConfigurationDelegate - Bootstrapping Spring Data JPA repositories in DEFAULT mode.
2025-10-16 10:34:54 [restartedMain] INFO  o.s.d.r.c.RepositoryConfigurationDelegate - Finished Spring Data repository scanning in 6 ms. Found 1 JPA repository interface.
2025-10-16 10:34:54 [restartedMain] INFO  o.s.b.w.e.tomcat.TomcatWebServer - Tomcat initialized with port 8080 (http)
2025-10-16 10:34:54 [restartedMain] INFO  o.a.coyote.http11.Http11NioProtocol - Initializing ProtocolHandler ["http-nio-8080"]
2025-10-16 10:34:54 [restartedMain] INFO  o.a.catalina.core.StandardService - Starting service [Tomcat]
2025-10-16 10:34:54 [restartedMain] INFO  o.a.catalina.core.StandardEngine - Starting Servlet engine: [Apache Tomcat/10.1.46]
2025-10-16 10:34:54 [restartedMain] INFO  o.a.c.c.C.[Tomcat-1].[localhost].[/] - Initializing Spring embedded WebApplicationContext
2025-10-16 10:34:54 [restartedMain] INFO  o.s.b.w.s.c.ServletWebServerApplicationContext - Root WebApplicationContext: initialization completed in 300 ms
2025-10-16 10:34:54 [restartedMain] INFO  com.zaxxer.hikari.HikariDataSource - HikariPool-73 - Starting...
2025-10-16 10:34:54 [restartedMain] INFO  com.zaxxer.hikari.pool.HikariPool - HikariPool-73 - Added connection com.mysql.cj.jdbc.ConnectionImpl@6a05aad5
2025-10-16 10:34:54 [restartedMain] INFO  com.zaxxer.hikari.HikariDataSource - HikariPool-73 - Start completed.
2025-10-16 10:34:54 [restartedMain] INFO  org.flywaydb.core.FlywayExecutor - Database: jdbc:mysql://localhost:3306/ecommerce_prod_project_db (MySQL 8.0)
2025-10-16 10:34:54 [restartedMain] INFO  o.f.core.internal.command.DbValidate - Successfully validated 1 migration (execution time 00:00.005s)
2025-10-16 10:34:54 [restartedMain] INFO  o.f.core.internal.command.DbMigrate - Current version of schema `ecommerce_prod_project_db`: 1
2025-10-16 10:34:54 [restartedMain] INFO  o.f.core.internal.command.DbMigrate - Schema `ecommerce_prod_project_db` is up to date. No migration necessary.
2025-10-16 10:34:54 [restartedMain] INFO  o.h.jpa.internal.util.LogHelper - HHH000204: Processing PersistenceUnitInfo [name: default]
2025-10-16 10:34:54 [restartedMain] INFO  o.h.c.i.RegionFactoryInitiator - HHH000026: Second-level cache disabled
2025-10-16 10:34:54 [restartedMain] INFO  o.s.o.j.p.SpringPersistenceUnitInfo - No LoadTimeWeaver setup: ignoring JPA class transformer
2025-10-16 10:34:54 [restartedMain] INFO  o.hibernate.orm.connections.pooling - HHH10001005: Database info:
	Database JDBC URL [Connecting through datasource 'HikariDataSource (HikariPool-73)']
	Database driver: undefined/unknown
	Database version: 8.0.41
	Autocommit mode: undefined/unknown
	Isolation level: undefined/unknown
	Minimum pool size: undefined/unknown
	Maximum pool size: undefined/unknown
2025-10-16 10:34:54 [restartedMain] INFO  o.h.e.t.j.p.i.JtaPlatformInitiator - HHH000489: No JTA platform available (set 'hibernate.transaction.jta.platform' to enable JTA platform integration)
2025-10-16 10:34:54 [restartedMain] INFO  o.s.o.j.LocalContainerEntityManagerFactoryBean - Initialized JPA EntityManagerFactory for persistence unit 'default'
2025-10-16 10:34:54 [restartedMain] WARN  o.s.b.a.o.j.JpaBaseConfiguration$JpaWebConfiguration - spring.jpa.open-in-view is enabled by default. Therefore, database queries may be performed during view rendering. Explicitly configure spring.jpa.open-in-view to disable this warning
2025-10-16 10:34:54 [restartedMain] INFO  o.s.b.d.a.OptionalLiveReloadServer - LiveReload server is running on port 35729
2025-10-16 10:34:54 [restartedMain] INFO  o.a.coyote.http11.Http11NioProtocol - Starting ProtocolHandler ["http-nio-8080"]
2025-10-16 10:34:54 [restartedMain] INFO  o.s.b.w.e.tomcat.TomcatWebServer - Tomcat started on port 8080 (http) with context path '/'
2025-10-16 10:34:54 [restartedMain] INFO  c.e.b.EcommerceBackendProjectApplication - Started EcommerceBackendProjectApplication in 0.629 seconds (process running for 5485.494)
2025-10-16 10:34:54 [restartedMain] INFO  o.s.b.d.a.ConditionEvaluationDeltaLoggingListener - Condition evaluation unchanged
2025-10-16 10:34:55 [http-nio-8080-exec-1] INFO  o.a.c.c.C.[Tomcat-1].[localhost].[/] - Initializing Spring DispatcherServlet 'dispatcherServlet'
2025-10-16 10:34:55 [http-nio-8080-exec-1] INFO  o.s.web.servlet.DispatcherServlet - Initializing Servlet 'dispatcherServlet'
2025-10-16 10:34:55 [http-nio-8080-exec-1] INFO  o.s.web.servlet.DispatcherServlet - Completed initialization in 1 ms
2025-10-16 10:34:55 [http-nio-8080-exec-1] WARN  o.s.w.s.m.m.a.ExceptionHandlerExceptionResolver - Resolved [java.lang.Exception: User already Exists.Please try Login]
